<?xml version="1.0" encoding="UTF-8"?>
<!-- Generated by org.testng.reporters.JUnitReportReporter -->
<testsuite skipped="0" hostname="DESKTOP-L8DT6R0" name="Com.abc.TestNG.Demo1" tests="2" failures="0" timestamp="16 Dec 2019 17:10:05 GMT" time="358.279" errors="0">
  <testcase name="facebook" time="54.733" classname="Com.abc.TestNG.Demo1"/>
  <testcase name="google" time="303.546" classname="Com.abc.TestNG.Demo1"/>
</testsuite> <!-- Com.abc.TestNG.Demo1 -->
