<?xml version="1.0" encoding="UTF-8"?>
<!-- Generated by org.testng.reporters.JUnitReportReporter -->
<testsuite skipped="0" hostname="DESKTOP-L8DT6R0" name="Com.abc.TestNG.Demo4" tests="2" failures="0" timestamp="19 Dec 2019 08:41:23 GMT" time="0.031" errors="0">
  <testcase name="method_a" time="0.031" classname="Com.abc.TestNG.Demo4"/>
  <testcase name="method_b" time="0.000" classname="Com.abc.TestNG.Demo4"/>
</testsuite> <!-- Com.abc.TestNG.Demo4 -->
