<?xml version="1.0" encoding="UTF-8"?>
<!-- Generated by org.testng.reporters.JUnitReportReporter -->
<testsuite skipped="0" hostname="DESKTOP-L8DT6R0" name="Com.abc.TestNG.Demo2" tests="3" failures="0" timestamp="16 Dec 2019 17:19:26 GMT" time="0.031" errors="0">
  <testcase name="method_c" time="0.015" classname="Com.abc.TestNG.Demo2"/>
  <testcase name="method_a" time="0.016" classname="Com.abc.TestNG.Demo2"/>
  <testcase name="method_b" time="0.000" classname="Com.abc.TestNG.Demo2"/>
</testsuite> <!-- Com.abc.TestNG.Demo2 -->
